This is pdfTeX, Version 3.141592-1.40.4 (MiKTeX 2.7) (preloaded format=pdflatex 2008.6.4)  14 JUL 2009 15:23
entering extended mode
**accv
(accv.tex
LaTeX2e <2005/12/01>
Babel <v3.8h> and hyphenation patterns for english, dumylang, nohyphenation, ge
rman, ngerman, french, loaded.
(llncs.cls
Document Class: llncs 2004/08/17 v2.14 
 LaTeX document class for Lecture Notes in Computer Science
("C:\Program Files\MiKTeX 2.7\tex\latex\base\article.cls"
Document Class: article 2005/09/16 v1.4f Standard LaTeX document class
("C:\Program Files\MiKTeX 2.7\tex\latex\base\size10.clo"
File: size10.clo 2005/09/16 v1.4f Standard LaTeX file (size option)
)
\c@part=\count79
\c@section=\count80
\c@subsection=\count81
\c@subsubsection=\count82
\c@paragraph=\count83
\c@subparagraph=\count84
\c@figure=\count85
\c@table=\count86
\abovecaptionskip=\skip41
\belowcaptionskip=\skip42
\bibindent=\dimen102
)
("C:\Program Files\MiKTeX 2.7\tex\latex\tools\multicol.sty"
Package: multicol 2006/05/18 v1.6g multicolumn formatting (FMi)
\c@tracingmulticols=\count87
\mult@box=\box26
\multicol@leftmargin=\dimen103
\c@unbalance=\count88
\c@collectmore=\count89
\doublecol@number=\count90
\multicoltolerance=\count91
\multicolpretolerance=\count92
\full@width=\dimen104
\page@free=\dimen105
\premulticols=\dimen106
\postmulticols=\dimen107
\multicolsep=\skip43
\multicolbaselineskip=\skip44
\partial@page=\box27
\last@line=\box28
\mult@rightbox=\box29
\mult@grightbox=\box30
\mult@gfirstbox=\box31
\mult@firstbox=\box32
\@tempa=\box33
\@tempa=\box34
\@tempa=\box35
\@tempa=\box36
\@tempa=\box37
\@tempa=\box38
\@tempa=\box39
\@tempa=\box40
\@tempa=\box41
\@tempa=\box42
\@tempa=\box43
\@tempa=\box44
\@tempa=\box45
\@tempa=\box46
\@tempa=\box47
\@tempa=\box48
\@tempa=\box49
\c@columnbadness=\count93
\c@finalcolumnbadness=\count94
\last@try=\dimen108
\multicolovershoot=\dimen109
\multicolundershoot=\dimen110
\mult@nat@firstbox=\box50
\colbreak@box=\box51
)
\c@chapter=\count95
LaTeX Font Info:    Redeclaring math symbol \Gamma on input line 360.
LaTeX Font Info:    Redeclaring math symbol \Delta on input line 361.
LaTeX Font Info:    Redeclaring math symbol \Theta on input line 362.
LaTeX Font Info:    Redeclaring math symbol \Lambda on input line 363.
LaTeX Font Info:    Redeclaring math symbol \Xi on input line 364.
LaTeX Font Info:    Redeclaring math symbol \Pi on input line 365.
LaTeX Font Info:    Redeclaring math symbol \Sigma on input line 366.
LaTeX Font Info:    Redeclaring math symbol \Upsilon on input line 367.
LaTeX Font Info:    Redeclaring math symbol \Phi on input line 368.
LaTeX Font Info:    Redeclaring math symbol \Psi on input line 369.
LaTeX Font Info:    Redeclaring math symbol \Omega on input line 370.
\tocchpnum=\dimen111
\tocsecnum=\dimen112
\tocsectotal=\dimen113
\tocsubsecnum=\dimen114
\tocsubsectotal=\dimen115
\tocsubsubsecnum=\dimen116
\tocsubsubsectotal=\dimen117
\tocparanum=\dimen118
\tocparatotal=\dimen119
\tocsubparanum=\dimen120
\@tempcntc=\count96
\fnindent=\dimen121
\c@@inst=\count97
\c@@auth=\count98
\c@auco=\count99
\instindent=\dimen122
\authrun=\box52
\authorrunning=\toks14
\tocauthor=\toks15
\titrun=\box53
\titlerunning=\toks16
\toctitle=\toks17
\c@theorem=\count100
\c@case=\count101
\c@conjecture=\count102
\c@corollary=\count103
\c@definition=\count104
\c@example=\count105
\c@exercise=\count106
\c@lemma=\count107
\c@note=\count108
\c@problem=\count109
\c@property=\count110
\c@proposition=\count111
\c@question=\count112
\c@solution=\count113
\c@remark=\count114
\headlineindent=\dimen123
)
("C:\Program Files\MiKTeX 2.7\tex\latex\graphics\graphicx.sty"
Package: graphicx 1999/02/16 v1.0f Enhanced LaTeX Graphics (DPC,SPQR)

("C:\Program Files\MiKTeX 2.7\tex\latex\graphics\keyval.sty"
Package: keyval 1999/03/16 v1.13 key=value parser (DPC)
\KV@toks@=\toks18
)
("C:\Program Files\MiKTeX 2.7\tex\latex\graphics\graphics.sty"
Package: graphics 2006/02/20 v1.0o Standard LaTeX Graphics (DPC,SPQR)

("C:\Program Files\MiKTeX 2.7\tex\latex\graphics\trig.sty"
Package: trig 1999/03/16 v1.09 sin cos tan (DPC)
)
("C:\Program Files\MiKTeX 2.7\tex\latex\00miktex\graphics.cfg"
File: graphics.cfg 2007/01/18 v1.5 graphics configuration of teTeX/TeXLive
)
Package graphics Info: Driver file: pdftex.def on input line 90.

("C:\Program Files\MiKTeX 2.7\tex\latex\graphics\pdftex.def"
File: pdftex.def 2007/06/12 v0.04h Graphics/color for pdfTeX
\Gread@gobject=\count115
))
\Gin@req@height=\dimen124
\Gin@req@width=\dimen125
)
("C:\Program Files\MiKTeX 2.7\tex\latex\subfig\subfig.sty"
Package: subfig 2005/06/28 ver: 1.3 subfig package

("C:\Program Files\MiKTeX 2.7\tex\latex\caption\caption.sty"
Package: caption 2008/04/01 v3.1h Customizing captions (AR)

("C:\Program Files\MiKTeX 2.7\tex\latex\caption\caption3.sty"
Package: caption3 2008/03/20 v3.1h caption3 kernel (AR)
\captionmargin=\dimen126
\captionmargin@=\dimen127
\captionwidth=\dimen128
\caption@indent=\dimen129
\caption@parindent=\dimen130
\caption@hangindent=\dimen131
Package caption Info: Unknown document class (or package),
(caption)             standard defaults will be used on input line 1024.
)

Package caption Warning: Unsupported document class (or package) detected,
(caption)                usage of the caption package is not recommended.

Package caption Info: \@makecaption = \long macro:#1#2->\vskip \abovecaptionski
p \sbox \@tempboxa {{\bfseries #1.} #2}\ifdim \wd \@tempboxa >\hsize {\bfseries
 #1.} #2\par \else \global \@minipagefalse \hb@xt@ \hsize {\hfil \box \@tempbox
a \hfil }\fi \vskip \belowcaptionskip .
\c@ContinuedFloat=\count116
)
\c@KVtest=\count117
\sf@farskip=\skip45
\sf@captopadj=\dimen132
\sf@capskip=\skip46
\sf@nearskip=\skip47
\c@subfigure=\count118
\c@subfigure@save=\count119
\c@lofdepth=\count120
\c@subtable=\count121
\c@subtable@save=\count122
\c@lotdepth=\count123
\sf@top=\skip48
\sf@bottom=\skip49
) ("C:\Program Files\MiKTeX 2.7\tex\latex\amsmath\amsmath.sty"
Package: amsmath 2000/07/18 v2.13 AMS math features
\@mathmargin=\skip50

For additional information on amsmath, use the `?' option.
("C:\Program Files\MiKTeX 2.7\tex\latex\amsmath\amstext.sty"
Package: amstext 2000/06/29 v2.01

("C:\Program Files\MiKTeX 2.7\tex\latex\amsmath\amsgen.sty"
File: amsgen.sty 1999/11/30 v2.0
\@emptytoks=\toks19
\ex@=\dimen133
))
("C:\Program Files\MiKTeX 2.7\tex\latex\amsmath\amsbsy.sty"
Package: amsbsy 1999/11/29 v1.2d
\pmbraise@=\dimen134
)
("C:\Program Files\MiKTeX 2.7\tex\latex\amsmath\amsopn.sty"
Package: amsopn 1999/12/14 v2.01 operator names
)
\inf@bad=\count124
LaTeX Info: Redefining \frac on input line 211.
\uproot@=\count125
\leftroot@=\count126
LaTeX Info: Redefining \overline on input line 307.
\classnum@=\count127
\DOTSCASE@=\count128
LaTeX Info: Redefining \ldots on input line 379.
LaTeX Info: Redefining \dots on input line 382.
LaTeX Info: Redefining \cdots on input line 467.
\Mathstrutbox@=\box54
\strutbox@=\box55
\big@size=\dimen135
LaTeX Font Info:    Redeclaring font encoding OML on input line 567.
LaTeX Font Info:    Redeclaring font encoding OMS on input line 568.


Package amsmath Warning: Unable to redefine math accent \vec.

\macc@depth=\count129
\c@MaxMatrixCols=\count130
\dotsspace@=\muskip10
\c@parentequation=\count131
\dspbrk@lvl=\count132
\tag@help=\toks20
\row@=\count133
\column@=\count134
\maxfields@=\count135
\andhelp@=\toks21
\eqnshift@=\dimen136
\alignsep@=\dimen137
\tagshift@=\dimen138
\tagwidth@=\dimen139
\totwidth@=\dimen140
\lineht@=\dimen141
\@envbody=\toks22
\multlinegap=\skip51
\multlinetaggap=\skip52
\mathdisplay@stack=\toks23
LaTeX Info: Redefining \[ on input line 2666.
LaTeX Info: Redefining \] on input line 2667.
) (accv.aux)
LaTeX Font Info:    Checking defaults for OML/cmm/m/it on input line 13.
LaTeX Font Info:    ... okay on input line 13.
LaTeX Font Info:    Checking defaults for T1/cmr/m/n on input line 13.
LaTeX Font Info:    ... okay on input line 13.
LaTeX Font Info:    Checking defaults for OT1/cmr/m/n on input line 13.
LaTeX Font Info:    ... okay on input line 13.
LaTeX Font Info:    Checking defaults for OMS/cmsy/m/n on input line 13.
LaTeX Font Info:    ... okay on input line 13.
LaTeX Font Info:    Checking defaults for OMX/cmex/m/n on input line 13.
LaTeX Font Info:    ... okay on input line 13.
LaTeX Font Info:    Checking defaults for U/cmr/m/n on input line 13.
LaTeX Font Info:    ... okay on input line 13.
 ("C:\Program Files\MiKTeX 2.7\tex\context\base\supp-pdf.tex"
[Loading MPS to PDF converter (version 2006.09.02).]
\scratchcounter=\count136
\scratchdimen=\dimen142
\scratchbox=\box56
\nofMPsegments=\count137
\nofMParguments=\count138
\MPscratchCnt=\count139
\MPscratchDim=\dimen143
\MPnumerator=\count140
\everyMPtoPDFconversion=\toks24
)
Package caption Info: Begin \AtBeginDocument code.
Package caption3 Info: subfig package 1.2 or 1.3 is loaded.
LaTeX Info: Redefining \subref on input line 13.
Package caption Info: End \AtBeginDocument code.
 [1


{C:/Documents and Settings/All Users/Application Data/MiKTeX/2.7/pdftex/config/
pdftex.map}] <figures/point_cloud.png, id=10, 658.8615pt x 528.17325pt>
File: figures/point_cloud.png Graphic file (type png)

<use figures/point_cloud.png>
<figures/HunterShaded.jpg, id=11, 658.8615pt x 528.17325pt>
File: figures/HunterShaded.jpg Graphic file (type jpg)

<use figures/HunterShaded.jpg>
<figures/HunterGE.jpg, id=12, 619.113pt x 496.254pt>
File: figures/HunterGE.jpg Graphic file (type jpg)

<use figures/HunterGE.jpg>
Underfull \vbox (badness 2158) has occurred while \output is active []

 [2]
Underfull \vbox (badness 2393) has occurred while \output is active []

 [3 <figures/point_cloud.png (PNG copy)> <figures/HunterShaded.jpg> <figures/Hu
nterGE.jpg>] <figures/image_slice_0190.png, id=20, 561.89925pt x 236.082pt>
File: figures/image_slice_0190.png Graphic file (type png)

<use figures/image_slice_0190.png>
<figures/image_slice_0714.png, id=21, 561.89925pt x 236.082pt>
File: figures/image_slice_0714.png Graphic file (type png)

<use figures/image_slice_0714.png> [4 <figures/image_slice_0190.png (PNG copy)>
 <figures/image_slice_0714.png (PNG copy)>]
<figures/BPA.pdf, id=33, 722.7pt x 542.025pt>
File: figures/BPA.pdf Graphic file (type pdf)
 <use figures/BPA.pdf>
Overfull \hbox (21.567pt too wide) in paragraph at lines 372--373
 [][] 
 []

<figures/extrude_1.png, id=34, 666.0885pt x 358.33875pt>
File: figures/extrude_1.png Graphic file (type png)

<use figures/extrude_1.png>
<figures/extrude_2.png, id=35, 666.0885pt x 358.33875pt>
File: figures/extrude_2.png Graphic file (type png)

<use figures/extrude_2.png>
Overfull \hbox (1.01927pt too wide) in paragraph at lines 383--391
 [][] 
 []


Overfull \hbox (1.01927pt too wide) in paragraph at lines 383--391
 [] 
 []

[5]
Underfull \vbox (badness 10000) has occurred while \output is active []

 [6 <figures/BPA.pdf> <figures/extrude_1.png (PNG copy)> <figures/extrude_2.png
 (PNG copy)>] <figures/range_crop.png, id=47, 751.608pt x 567.3195pt>
File: figures/range_crop.png Graphic file (type png)

<use figures/range_crop.png>
<figures/HunterTheatreShaded.jpg, id=48, 499.8675pt x 377.0085pt>
File: figures/HunterTheatreShaded.jpg Graphic file (type jpg)

<use figures/HunterTheatreShaded.jpg> [7] [8 <figures/range_crop.png (PNG copy)
> <figures/HunterTheatreShaded.jpg>]
<figures/IR_skp_error_face_1000_32_4_paper.png, id=57, 791.3565pt x 555.2745pt>
File: figures/IR_skp_error_face_1000_32_4_paper.png Graphic file (type png)
<use figures/IR_skp_error_face_1000_32_4_paper.png>
<figures/IR_skp_error_face_1000_4_1_paper.png, id=58, 791.3565pt x 555.2745pt>
File: figures/IR_skp_error_face_1000_4_1_paper.png Graphic file (type png)

<use figures/IR_skp_error_face_1000_4_1_paper.png> [9 <figures/IR_skp_error_fac
e_1000_32_4_paper.png (PNG copy)> <figures/IR_skp_error_face_1000_4_1_paper.png
 (PNG copy)>] (accv.bbl) [10] (accv.aux) ) 
Here is how much of TeX's memory you used:
 3001 strings out of 95340
 41208 string characters out of 1184156
 106418 words of memory out of 1500000
 6181 multiletter control sequences out of 110000
 11335 words of font info for 40 fonts, out of 1200000 for 2000
 14 hyphenation exceptions out of 8191
 44i,14n,45p,336b,420s stack positions out of 5000i,500n,10000p,200000b,5000s
<C:/Program Files/MiKTeX 2.7/fonts/ty
pe1/bluesky/ams/cmbsy7.pfb><C:/Program Files/MiKTeX 2.7/fonts/type1/bluesky/cm/
cmbx10.pfb><C:/Program Files/MiKTeX 2.7/fonts/type1/bluesky/cm/cmbx12.pfb><C:/P
rogram Files/MiKTeX 2.7/fonts/type1/bluesky/cm/cmbx7.pfb><C:/Program Files/MiKT
eX 2.7/fonts/type1/bluesky/cm/cmbx9.pfb><C:/Program Files/MiKTeX 2.7/fonts/type
1/bluesky/cm/cmex10.pfb><C:/Program Files/MiKTeX 2.7/fonts/type1/bluesky/cm/cmm
i10.pfb><C:/Program Files/MiKTeX 2.7/fonts/type1/bluesky/cm/cmmi6.pfb><C:/Progr
am Files/MiKTeX 2.7/fonts/type1/bluesky/cm/cmmi7.pfb><C:/Program Files/MiKTeX 2
.7/fonts/type1/bluesky/cm/cmmi9.pfb><C:/Program Files/MiKTeX 2.7/fonts/type1/bl
uesky/cm/cmmib10.pfb><C:/Program Files/MiKTeX 2.7/fonts/type1/bluesky/cm/cmr10.
pfb><C:/Program Files/MiKTeX 2.7/fonts/type1/bluesky/cm/cmr7.pfb><C:/Program Fi
les/MiKTeX 2.7/fonts/type1/bluesky/cm/cmr9.pfb><C:/Program Files/MiKTeX 2.7/fon
ts/type1/bluesky/cm/cmsy10.pfb><C:/Program Files/MiKTeX 2.7/fonts/type1/bluesky
/cm/cmsy7.pfb><C:/Program Files/MiKTeX 2.7/fonts/type1/bluesky/cm/cmti10.pfb><C
:/Program Files/MiKTeX 2.7/fonts/type1/bluesky/cm/cmti9.pfb>
Output written on accv.pdf (10 pages, 2118523 bytes).
PDF statistics:
 123 PDF objects out of 1000 (max. 8388607)
 0 named destinations out of 1000 (max. 131072)
 61 words of extra memory for PDF output out of 10000 (max. 10000000)

